<?xml version="1.0" encoding="UTF-8"?>
<!-- Generated by org.testng.reporters.JUnitReportReporter -->
<testsuite hostname="DESKTOP-OL4N8R9" failures="0" tests="1" name="testngpkg.ScrollDown_using_javascriptexecutor_amazon_bottomOfThePage" time="11.617" errors="0" timestamp="2023-09-28T10:32:23 IST" skipped="0">
  <testcase classname="testngpkg.ScrollDown_using_javascriptexecutor_amazon_bottomOfThePage" name="ScrollDownTest" time="11.617"/>
  <system-out/>
</testsuite> <!-- testngpkg.ScrollDown_using_javascriptexecutor_amazon_bottomOfThePage -->
