<?xml version="1.0" encoding="UTF-8"?>
<!-- Generated by org.testng.reporters.JUnitReportReporter -->
<testsuite hostname="DESKTOP-OL4N8R9" failures="0" tests="1" name="testngpkg.DatePickerTest" time="3.473" errors="0" timestamp="2023-10-03T10:06:53 IST" skipped="0">
  <testcase classname="testngpkg.DatePickerTest" name="test" time="3.473"/>
  <system-out/>
</testsuite> <!-- testngpkg.DatePickerTest -->
