<?xml version="1.0" encoding="UTF-8"?>
<!-- Generated by org.testng.reporters.JUnitReportReporter -->
<testsuite hostname="DESKTOP-OL4N8R9" failures="0" tests="3" name="test.SauceDemo_Task_290923_Test" time="89.924" errors="0" timestamp="2023-10-01T22:38:02 IST" skipped="0">
  <testcase classname="test.SauceDemo_Task_290923_Test" name="test" time="27.348"/>
  <system-out/>
  <testcase classname="test.SauceDemo_Task_290923_Test" name="test" time="34.420"/>
  <system-out/>
  <testcase classname="test.SauceDemo_Task_290923_Test" name="test" time="28.156"/>
  <system-out/>
</testsuite> <!-- test.SauceDemo_Task_290923_Test -->
