<?xml version="1.0" encoding="UTF-8"?>
<!-- Generated by org.testng.reporters.JUnitReportReporter -->
<testsuite hostname="DESKTOP-OL4N8R9" failures="0" tests="2" name="testngpkg.Rediffbuttonandradiobuttonenableordisable" time="0.074" errors="0" timestamp="2023-09-18T11:00:06 IST" skipped="0">
  <testcase classname="testngpkg.Rediffbuttonandradiobuttonenableordisable" name="test2" time="0.031"/>
  <system-out/>
  <testcase classname="testngpkg.Rediffbuttonandradiobuttonenableordisable" name="test1" time="0.043"/>
  <system-out/>
</testsuite> <!-- testngpkg.Rediffbuttonandradiobuttonenableordisable -->
