<?xml version="1.0" encoding="UTF-8"?>
<!-- Generated by org.testng.reporters.JUnitReportReporter -->
<testsuite hostname="DESKTOP-OL4N8R9" failures="0" tests="2" name="testngpkg.Rightclick_and_Doubleclick_with_alerthandling" time="0.602" errors="0" timestamp="2023-10-24T20:40:52 IST" skipped="0">
  <testcase classname="testngpkg.Rightclick_and_Doubleclick_with_alerthandling" name="test2" time="0.219"/>
  <system-out/>
  <testcase classname="testngpkg.Rightclick_and_Doubleclick_with_alerthandling" name="test1" time="0.383"/>
  <system-out/>
</testsuite> <!-- testngpkg.Rightclick_and_Doubleclick_with_alerthandling -->
