<?xml version="1.0" encoding="UTF-8"?>
<!-- Generated by org.testng.reporters.JUnitReportReporter -->
<testsuite hostname="DESKTOP-OL4N8R9" failures="0" tests="1" name="testngpkg.Fbloginwithxmlvaluestoring" time="0.235" errors="0" timestamp="2023-09-18T10:20:31 IST" skipped="0">
  <testcase classname="testngpkg.Fbloginwithxmlvaluestoring" name="Test1" time="0.235"/>
  <system-out/>
</testsuite> <!-- testngpkg.Fbloginwithxmlvaluestoring -->
