<?xml version="1.0" encoding="UTF-8"?>
<!-- Generated by org.testng.reporters.JUnitReportReporter -->
<testsuite hostname="DESKTOP-OL4N8R9" failures="0" tests="1" name="test.SauceDemo_LoginPage_Test" time="31.164" errors="0" timestamp="2023-10-01T13:56:24 IST" skipped="0">
  <testcase classname="test.SauceDemo_LoginPage_Test" name="test" time="31.164"/>
  <system-out/>
</testsuite> <!-- test.SauceDemo_LoginPage_Test -->
