<?xml version="1.0" encoding="UTF-8"?>
<!-- Generated by org.testng.reporters.JUnitReportReporter -->
<testsuite hostname="DESKTOP-OL4N8R9" failures="0" tests="3" name="testngpkg.CrossBrowserTesting" time="4.125" errors="0" timestamp="2023-09-21T09:58:05 IST" skipped="0">
  <testcase classname="testngpkg.CrossBrowserTesting" name="test" time="1.243"/>
  <system-out/>
  <testcase classname="testngpkg.CrossBrowserTesting" name="test" time="1.780"/>
  <system-out/>
  <testcase classname="testngpkg.CrossBrowserTesting" name="test" time="1.102"/>
  <system-out/>
</testsuite> <!-- testngpkg.CrossBrowserTesting -->
