<?xml version="1.0" encoding="UTF-8"?>
<!-- Generated by org.testng.reporters.JUnitReportReporter -->
<testsuite hostname="DESKTOP-OL4N8R9" failures="0" tests="1" name="test.Chummaa" time="21.696" errors="0" timestamp="2023-09-30T23:38:16 IST" skipped="0">
  <testcase classname="test.Chummaa" name="DataDrivenTest" time="21.696"/>
  <system-out/>
</testsuite> <!-- test.Chummaa -->
