<?xml version="1.0" encoding="UTF-8"?>
<!-- Generated by org.testng.reporters.JUnitReportReporter -->
<testsuite hostname="DESKTOP-OL4N8R9" failures="0" tests="1" name="test.Fbcreatepagetest" time="3.349" errors="0" timestamp="2023-10-24T20:15:06 IST" skipped="0">
  <testcase classname="test.Fbcreatepagetest" name="createPageTest" time="3.349"/>
  <system-out/>
</testsuite> <!-- test.Fbcreatepagetest -->
