<?xml version="1.0" encoding="UTF-8"?>
<!-- Generated by org.testng.reporters.JUnitReportReporter -->
<testsuite hostname="DESKTOP-OL4N8R9" failures="0" tests="1" name="testngpkg.CopyPastePgm" time="0.543" errors="0" timestamp="2023-09-20T09:36:41 IST" skipped="0">
  <testcase classname="testngpkg.CopyPastePgm" name="test1" time="0.543"/>
  <system-out/>
</testsuite> <!-- testngpkg.CopyPastePgm -->
