<?xml version="1.0" encoding="UTF-8"?>
<!-- Generated by org.testng.reporters.JUnitReportReporter -->
<testsuite hostname="DESKTOP-OL4N8R9" failures="0" tests="1" name="test.Fbcreatepagetest" time="2.591" errors="0" timestamp="2023-09-29T10:55:23 IST" skipped="0">
  <testcase classname="test.Fbcreatepagetest" name="createPageTest" time="2.591"/>
  <system-out/>
</testsuite> <!-- test.Fbcreatepagetest -->
