<?xml version="1.0" encoding="UTF-8"?>
<!-- Generated by org.testng.reporters.JUnitReportReporter -->
<testsuite hostname="DESKTOP-OL4N8R9" failures="0" tests="1" name="testngpkg.FileUploadUsingAutoit" time="6.094" errors="0" timestamp="2023-09-26T13:32:56 IST" skipped="0">
  <testcase classname="testngpkg.FileUploadUsingAutoit" name="FileUploadTestAutoit" time="6.094"/>
  <system-out/>
</testsuite> <!-- testngpkg.FileUploadUsingAutoit -->
