<?xml version="1.0" encoding="UTF-8"?>
<!-- Generated by org.testng.reporters.JUnitReportReporter -->
<testsuite hostname="DESKTOP-OL4N8R9" failures="0" tests="3" name="testngpkg.testng_groups" time="0.015" errors="0" timestamp="2023-10-01T22:31:54 IST" skipped="0">
  <testcase classname="testngpkg.testng_groups" name="test1" time="0.013"/>
  <system-out/>
  <testcase classname="testngpkg.testng_groups" name="test2" time="0.001"/>
  <system-out/>
  <testcase classname="testngpkg.testng_groups" name="test3" time="0.001"/>
  <system-out/>
</testsuite> <!-- testngpkg.testng_groups -->
