<?xml version="1.0" encoding="UTF-8"?>
<!-- Generated by org.testng.reporters.JUnitReportReporter -->
<testsuite hostname="DESKTOP-OL4N8R9" failures="0" tests="1" name="testngpkg.JustDial_DisableNotificationsPgm" time="26.247" errors="0" timestamp="2023-09-28T10:08:30 IST" skipped="0">
  <testcase classname="testngpkg.JustDial_DisableNotificationsPgm" name="Test" time="26.247"/>
  <system-out/>
</testsuite> <!-- testngpkg.JustDial_DisableNotificationsPgm -->
