<?xml version="1.0" encoding="UTF-8"?>
<!-- Generated by org.testng.reporters.JUnitReportReporter -->
<testsuite hostname="DESKTOP-OL4N8R9" failures="0" tests="1" name="testngpkg.MultipletabsDemoGuru99" time="2.551" errors="0" timestamp="2023-09-25T10:13:34 IST" skipped="0">
  <testcase classname="testngpkg.MultipletabsDemoGuru99" name="MultipleTabTest1" time="2.551"/>
  <system-out/>
</testsuite> <!-- testngpkg.MultipletabsDemoGuru99 -->
