<?xml version="1.0" encoding="UTF-8"?>
<!-- Generated by org.testng.reporters.JUnitReportReporter -->
<testsuite hostname="DESKTOP-OL4N8R9" failures="0" tests="1" name="testngpkg.Login_Validation" time="0.309" errors="0" timestamp="2023-09-28T09:37:11 IST" skipped="0">
  <testcase classname="testngpkg.Login_Validation" name="LoginValidationTest" time="0.309"/>
  <system-out/>
</testsuite> <!-- testngpkg.Login_Validation -->
