<?xml version="1.0" encoding="UTF-8"?>
<!-- Generated by org.testng.reporters.JUnitReportReporter -->
<testsuite hostname="DESKTOP-OL4N8R9" failures="0" tests="1" name="testngpkg.EbayMousehoverpgm" time="5.591" errors="0" timestamp="2023-09-21T09:39:40 IST" skipped="0">
  <testcase classname="testngpkg.EbayMousehoverpgm" name="EbayTest1" time="5.591"/>
  <system-out/>
</testsuite> <!-- testngpkg.EbayMousehoverpgm -->
