<?xml version="1.0" encoding="UTF-8"?>
<!-- Generated by org.testng.reporters.JUnitReportReporter -->
<testsuite hostname="DESKTOP-OL4N8R9" failures="0" tests="1" name="testngpkg.Ebay_SeleniumWaits" time="3.233" errors="0" timestamp="2023-09-21T09:46:54 IST" skipped="0">
  <testcase classname="testngpkg.Ebay_SeleniumWaits" name="EbayTest1" time="3.233"/>
  <system-out/>
</testsuite> <!-- testngpkg.Ebay_SeleniumWaits -->
