<?xml version="1.0" encoding="UTF-8"?>
<!-- Generated by org.testng.reporters.JUnitReportReporter -->
<testsuite hostname="DESKTOP-OL4N8R9" failures="0" tests="1" name="testngpkg.Datadrivenfb" time="45.157" errors="0" timestamp="2023-09-30T23:36:56 IST" skipped="0">
  <testcase classname="testngpkg.Datadrivenfb" name="DataDrivenTest" time="45.157"/>
  <system-out/>
</testsuite> <!-- testngpkg.Datadrivenfb -->
