<?xml version="1.0" encoding="UTF-8"?>
<!-- Generated by org.testng.reporters.JUnitReportReporter -->
<testsuite hostname="DESKTOP-OL4N8R9" failures="0" tests="1" name="practiceself.RediffButtonVerification_ExtentReport" time="4.777" errors="0" timestamp="2023-09-27T21:44:58 IST" skipped="0">
  <testcase classname="practiceself.RediffButtonVerification_ExtentReport" name="RediffButtonTextVerification" time="4.777"/>
  <system-out/>
</testsuite> <!-- practiceself.RediffButtonVerification_ExtentReport -->
