<?xml version="1.0" encoding="UTF-8"?>
<!-- Generated by org.testng.reporters.JUnitReportReporter -->
<testsuite hostname="DESKTOP-OL4N8R9" failures="0" tests="2" name="testngpkg.Rightclick_and_Doubleclick_with_alerthandling" time="0.431" errors="0" timestamp="2023-09-20T10:39:34 IST" skipped="0">
  <testcase classname="testngpkg.Rightclick_and_Doubleclick_with_alerthandling" name="test2" time="0.184"/>
  <system-out/>
  <testcase classname="testngpkg.Rightclick_and_Doubleclick_with_alerthandling" name="test1" time="0.247"/>
  <system-out/>
</testsuite> <!-- testngpkg.Rightclick_and_Doubleclick_with_alerthandling -->
