<?xml version="1.0" encoding="UTF-8"?>
<!-- Generated by org.testng.reporters.JUnitReportReporter -->
<testsuite hostname="DESKTOP-OL4N8R9" failures="0" tests="1" name="testngpkg.TestNG_Parameterization" time="0.007" errors="0" timestamp="2023-09-18T10:09:08 IST" skipped="0">
  <testcase classname="testngpkg.TestNG_Parameterization" name="test1" time="0.007"/>
  <system-out/>
</testsuite> <!-- testngpkg.TestNG_Parameterization -->
