<?xml version="1.0" encoding="UTF-8"?>
<!-- Generated by org.testng.reporters.JUnitReportReporter -->
<testsuite hostname="DESKTOP-OL4N8R9" failures="0" tests="1" name="testngpkg.DragandDropPgm" time="1.532" errors="0" timestamp="2023-09-21T11:57:09 IST" skipped="0">
  <testcase classname="testngpkg.DragandDropPgm" name="dragAndDroptest" time="1.532"/>
  <system-out/>
</testsuite> <!-- testngpkg.DragandDropPgm -->
