<?xml version="1.0" encoding="UTF-8"?>
<!-- Generated by org.testng.reporters.JUnitReportReporter -->
<testsuite hostname="DESKTOP-OL4N8R9" failures="0" tests="1" name="test.Fblogintest" time="0.271" errors="0" timestamp="2023-09-30T21:29:41 IST" skipped="0">
  <testcase classname="test.Fblogintest" name="test" time="0.271"/>
  <system-out/>
</testsuite> <!-- test.Fblogintest -->
