<?xml version="1.0" encoding="UTF-8"?>
<!-- Generated by org.testng.reporters.JUnitReportReporter -->
<testsuite hostname="DESKTOP-OL4N8R9" failures="0" tests="1" name="testngpkg.FileuploadDemoGuru99" time="0.304" errors="0" timestamp="2023-09-22T09:39:09 IST" skipped="0">
  <testcase classname="testngpkg.FileuploadDemoGuru99" name="fileUploadTest" time="0.304"/>
  <system-out/>
</testsuite> <!-- testngpkg.FileuploadDemoGuru99 -->
