<?xml version="1.0" encoding="UTF-8"?>
<!-- Generated by org.testng.reporters.JUnitReportReporter -->
<testsuite hostname="DESKTOP-OL4N8R9" failures="0" tests="6" name="testngpkg.TestNG_Demo" time="0.013" errors="0" timestamp="2023-09-18T09:40:05 IST" skipped="1">
  <testcase classname="testngpkg.TestNG_Demo" name="test1" time="0.005"/>
  <system-out/>
  <testcase classname="testngpkg.TestNG_Demo" name="test4" time="0.003"/>
  <system-out/>
  <testcase classname="testngpkg.TestNG_Demo" name="test2" time="0.003"/>
  <system-out/>
  <testcase classname="testngpkg.TestNG_Demo" name="test2" time="0.001"/>
  <system-out/>
  <testcase classname="testngpkg.TestNG_Demo" name="test2" time="0.001"/>
  <system-out/>
  <testcase classname="testngpkg.TestNG_Demo" name="test3">
    <skipped/>
  </testcase> <!-- test3 -->
  <system-out/>
</testsuite> <!-- testngpkg.TestNG_Demo -->
