<?xml version="1.0" encoding="UTF-8"?>
<!-- Generated by org.testng.reporters.JUnitReportReporter -->
<testsuite hostname="DESKTOP-OL4N8R9" failures="0" tests="1" name="test.Fblogintest" time="0.268" errors="0" timestamp="2023-10-24T20:14:24 IST" skipped="0">
  <testcase classname="test.Fblogintest" name="test" time="0.268"/>
  <system-out/>
</testsuite> <!-- test.Fblogintest -->
