<?xml version="1.0" encoding="UTF-8"?>
<!-- Generated by org.testng.reporters.JUnitReportReporter -->
<testsuite hostname="DESKTOP-OL4N8R9" failures="0" tests="1" name="testngpkg.AmazonShoppingAddToCartMultipleTabsPgm" time="19.731" errors="0" timestamp="2023-09-25T11:15:01 IST" skipped="0">
  <testcase classname="testngpkg.AmazonShoppingAddToCartMultipleTabsPgm" name="Test1" time="19.731"/>
  <system-out/>
</testsuite> <!-- testngpkg.AmazonShoppingAddToCartMultipleTabsPgm -->
