<?xml version="1.0" encoding="UTF-8"?>
<!-- Generated by org.testng.reporters.JUnitReportReporter -->
<testsuite hostname="DESKTOP-OL4N8R9" failures="0" tests="1" name="testngpkg.FileUploadRobotClass" time="10.115" errors="0" timestamp="2023-09-26T13:09:28 IST" skipped="0">
  <testcase classname="testngpkg.FileUploadRobotClass" name="fileUploadPgm" time="10.115"/>
  <system-out/>
</testsuite> <!-- testngpkg.FileUploadRobotClass -->
