<?xml version="1.0" encoding="UTF-8"?>
<!-- Generated by org.testng.reporters.JUnitReportReporter -->
<testsuite hostname="DESKTOP-OL4N8R9" failures="0" tests="1" name="test.demowebshop_by_tricentis_test" time="3.710" errors="0" timestamp="2023-10-24T19:52:31 IST" skipped="0">
  <testcase classname="test.demowebshop_by_tricentis_test" name="RegistrationPageTest" time="3.710"/>
</testsuite> <!-- test.demowebshop_by_tricentis_test -->
