<?xml version="1.0" encoding="UTF-8"?>
<!-- Generated by org.testng.reporters.JUnitReportReporter -->
<testsuite hostname="DESKTOP-OL4N8R9" failures="0" tests="1" name="test.demowebshop_registrationpage_test" time="4.086" errors="0" timestamp="2023-10-26T16:31:46 IST" skipped="0">
  <testcase classname="test.demowebshop_registrationpage_test" name="RegistrationPageTest" time="4.086"/>
</testsuite> <!-- test.demowebshop_registrationpage_test -->
