<?xml version="1.0" encoding="UTF-8"?>
<!-- Generated by org.testng.reporters.JUnitReportReporter -->
<testsuite hostname="DESKTOP-OL4N8R9" failures="0" tests="1" name="test.demowebshop_addtocartpage_test" time="22.489" errors="0" timestamp="2023-10-26T16:33:27 IST" skipped="0">
  <testcase classname="test.demowebshop_addtocartpage_test" name="AddtocartPageTest" time="22.489"/>
</testsuite> <!-- test.demowebshop_addtocartpage_test -->
