<?xml version="1.0" encoding="UTF-8"?>
<!-- Generated by org.testng.reporters.JUnitReportReporter -->
<testsuite hostname="DESKTOP-OL4N8R9" failures="0" tests="1" name="test.demowebshop_checkoutpage_test" time="28.997" errors="0" timestamp="2023-10-26T16:36:06 IST" skipped="0">
  <testcase classname="test.demowebshop_checkoutpage_test" name="CheckoutPageTest" time="28.997"/>
</testsuite> <!-- test.demowebshop_checkoutpage_test -->
