<?xml version="1.0" encoding="UTF-8"?>
<!-- Generated by org.testng.reporters.JUnitReportReporter -->
<testsuite hostname="DESKTOP-OL4N8R9" failures="0" tests="1" name="test.demowebshop_orderdetailspage_test" time="4.775" errors="0" timestamp="2023-10-26T16:36:35 IST" skipped="0">
  <testcase classname="test.demowebshop_orderdetailspage_test" name="OrderdetailsPageTest" time="4.775"/>
</testsuite> <!-- test.demowebshop_orderdetailspage_test -->
