<?xml version="1.0" encoding="UTF-8"?>
<!-- Generated by org.testng.reporters.JUnitReportReporter -->
<testsuite hostname="DESKTOP-OL4N8R9" failures="0" tests="1" name="test.demowebshop_loginpage_test" time="2.026" errors="0" timestamp="2023-10-26T16:32:16 IST" skipped="0">
  <testcase classname="test.demowebshop_loginpage_test" name="LoginPageTest" time="2.026"/>
</testsuite> <!-- test.demowebshop_loginpage_test -->
